<?xml version="1.0" encoding="UTF-8"?>
<!-- Generated by org.testng.reporters.JUnitReportReporter -->
<testsuite skipped="0" hostname="DESKTOP-6E85BT0" name="test.java.tests.ForPO" tests="5" failures="0" timestamp="25 фев 2020 19:51:26 GMT" time="71.211" errors="0">
  <testcase name="anyTest" time="15.863" classname="test.java.tests.ForPO"/>
  <testcase name="checkCourse" time="15.848" classname="test.java.tests.ForPO"/>
  <testcase name="checkLang" time="12.688" classname="test.java.tests.ForPO"/>
  <testcase name="TestNegativeHW8" time="12.067" classname="test.java.tests.ForPO"/>
  <testcase name="TestPositiveHW8" time="14.745" classname="test.java.tests.ForPO"/>
</testsuite> <!-- test.java.tests.ForPO -->
