<?xml version="1.0" encoding="UTF-8"?>
<!-- Generated by org.testng.reporters.JUnitReportReporter -->
<testsuite skipped="0" hostname="DESKTOP-6E85BT0" name="test.java.tests.ForPO" tests="1" failures="0" timestamp="28 фев 2020 17:52:20 GMT" time="20.717" errors="0">
  <testcase name="anyTest" time="20.717" classname="test.java.tests.ForPO"/>
</testsuite> <!-- test.java.tests.ForPO -->
